<?xml version="1.0" encoding="UTF-8"?>
<!-- Generated by org.testng.reporters.JUnitReportReporter -->
<testsuite skipped="0" hostname="IND04865" name="com.qa.hs.tests.LoginTest" tests="1" failures="0" timestamp="04 Apr 2021 15:30:35 GMT" time="9.749" errors="0">
  <testcase name="loginTest" time="9.749" classname="com.qa.hs.tests.LoginTest"/>
</testsuite> <!-- com.qa.hs.tests.LoginTest -->
